#
# A fatal error has been detected by the Java Runtime Environment:
#
#  SIGSEGV (0xb) at pc=0x00007f09060cd857, pid=2741, tid=139676529637120
#
# JRE version: OpenJDK Runtime Environment (7.0_65-b32) (build 1.7.0_65-b32)
# Java VM: OpenJDK 64-Bit Server VM (24.65-b04 mixed mode linux-amd64 compressed oops)
# Derivative: IcedTea 2.5.2
# Distribution: Ubuntu 14.04 LTS, package 7u65-2.5.2-3~14.04
# Problematic frame:
# V  [libjvm.so+0x5e8857]  java_lang_String::length(oopDesc*) [clone .part.108]+0x37
#
# Failed to write core dump. Core dumps have been disabled. To enable core dumping, try "ulimit -c unlimited" before starting Java again
#
# If you would like to submit a bug report, please include
# instructions on how to reproduce the bug and visit:
#   http://icedtea.classpath.org/bugzilla
#

---------------  T H R E A D  ---------------

Current thread (0x00007f09000ad000):  JavaThread "JDWP Transport Listener: dt_socket" daemon [_thread_in_vm, id=2757, stack(0x00007f08f9deb000,0x00007f08f9eec000)]

siginfo:si_signo=SIGSEGV: si_errno=0, si_code=1 (SEGV_MAPERR), si_addr=0x000000000000000c

Registers:
RAX=0x0000000000000000, RBX=0x0000000000000001, RCX=0x00007f0906d17320, RDX=0x000000000000000c
RSP=0x00007f08f9eeaa10, RBP=0x00007f08f9eeaa10, RSI=0x00007f0900266eb8, RDI=0x00000007d7883948
R8 =0x0000000000000001, R9 =0x00007f08c0000078, R10=0x0000000000000000, R11=0x0000000000000200
R12=0x0000000000000000, R13=0x0000000000000000, R14=0x00007f08f9eeab80, R15=0x0000000000000000
RIP=0x00007f09060cd857, EFLAGS=0x0000000000010246, CSGSFS=0x0000000000000033, ERR=0x0000000000000004
  TRAPNO=0x000000000000000e

Top of Stack: (sp=0x00007f08f9eeaa10)
0x00007f08f9eeaa10:   00007f08f9eeaa40 00007f09060ce325
0x00007f08f9eeaa20:   00007f08f9eeaa60 00007f09000ad000
0x00007f08f9eeaa30:   00007f0900266eb8 00000007d7883948
0x00007f08f9eeaa40:   00007f08f9eeaab0 00007f09060de932
0x00007f08f9eeaa50:   00007f09000ad1d8 00007f0904c7cf00
0x00007f08f9eeaa60:   00007f09000ad000 0000000000000000
0x00007f08f9eeaa70:   00007f09000ad1d8 00007f0900266eb8
0x00007f08f9eeaa80:   00007f08f9eeab50 00007f09000ad1d8
0x00007f08f9eeaa90:   00007f0904c7cf00 00007f0900266eb8
0x00007f08f9eeaaa0:   00007f08f9eeab80 00007f0904c7cf00
0x00007f08f9eeaab0:   00007f08f9eeaaf0 00007f0904a4b022
0x00007f08f9eeaac0:   00007f08f9eeab50 0000000000010a00
0x00007f08f9eeaad0:   00007f08f9eeab50 000000000000000a
0x00007f08f9eeaae0:   00007f08f9eeab80 00007f0904c7cf00
0x00007f08f9eeaaf0:   00007f08f9eead40 00007f0904a53688
0x00007f08f9eeab00:   000011f200000013 00007f08c0010a00
0x00007f08f9eeab10:   00007f08b8000f80 00007f09060d84fc
0x00007f08f9eeab20:   00007f09000af1b0 00007f08b8000f01
0x00007f08f9eeab30:   000011f200000013 00007f08c0010a00
0x00007f08f9eeab40:   00007f08b8000f80 00007f09000a4418
0x00007f08f9eeab50:   00007f08b8000f88 000000000000000b
0x00007f08f9eeab60:   000011f200000013 00007f08c0010a00
0x00007f08f9eeab70:   00007f08b8000f80 00007f08c000c010
0x00007f08f9eeab80:   00007f08f9eeabd0 000000000000012c
0x00007f08f9eeab90:   00007f08f9eeab98 00007f0900000000
0x00007f08f9eeaba0:   00007f08f9eeabd0 0000000000000000
0x00007f08f9eeabb0:   00007f0000000000 000011f20000000f
0x00007f08f9eeabc0:   00007f080000ac80 00007f08f9eeabd0
0x00007f08f9eeabd0:   2d54574131000000 657551746e657645
0x00007f08f9eeabe0:   73696874302d6575 76616a4c12000000
0x00007f08f9eeabf0:   532f676e616c2f61 00003b676e697274
0x00007f08f9eeac00:   0000430000000000 0000000000000000 

Instructions: (pc=0x00007f09060cd857)
0x00007f09060cd837:   8b 14 07 31 c0 85 d2 74 12 89 d0 48 8d 15 b7 6b
0x00007f09060cd847:   7d 00 8b 4a 08 48 d3 e0 48 03 02 ba 0c 00 00 00
0x00007f09060cd857:   8b 04 10 5d c3 0f 1f 40 00 48 8b 04 07 ba 10 00
0x00007f09060cd867:   00 00 5d 8b 04 10 c3 66 90 55 48 8d 46 10 48 89 

Register to memory mapping:

RAX=0x0000000000000000 is an unknown value
RBX=0x0000000000000001 is an unknown value
RCX=0x00007f0906d17320: <offset 0x219320> in /lib/x86_64-linux-gnu/libpthread.so.0 at 0x00007f0906afe000
RDX=0x000000000000000c is an unknown value
RSP=0x00007f08f9eeaa10 is pointing into the stack for thread: 0x00007f09000ad000
RBP=0x00007f08f9eeaa10 is pointing into the stack for thread: 0x00007f09000ad000
RSI=0x00007f0900266eb8 is a global jni handle
RDI=0x00000007d7883948 is an oop
java.lang.String 
 - klass: 'java/lang/String'
R8 =0x0000000000000001 is an unknown value
R9 =0x00007f08c0000078 is an unknown value
R10=0x0000000000000000 is an unknown value
R11=0x0000000000000200 is an unknown value
R12=0x0000000000000000 is an unknown value
R13=0x0000000000000000 is an unknown value
R14=0x00007f08f9eeab80 is pointing into the stack for thread: 0x00007f09000ad000
R15=0x0000000000000000 is an unknown value


Stack: [0x00007f08f9deb000,0x00007f08f9eec000],  sp=0x00007f08f9eeaa10,  free space=1022k
Native frames: (J=compiled Java code, j=interpreted, Vv=VM code, C=native code)
V  [libjvm.so+0x5e8857]  java_lang_String::length(oopDesc*) [clone .part.108]+0x37
V  [libjvm.so+0x5e9325]  java_lang_String::utf8_length(oopDesc*)+0x95
V  [libjvm.so+0x5f9932]  jni_GetStringUTFChars+0x72
C  [libjdwp.so+0x9022]
C  [libjdwp.so+0x11688]
C  [libjdwp.so+0x23795]
V  [libjvm.so+0x6a9f9b]  JvmtiAgentThread::start_function_wrapper(JavaThread*, Thread*)+0x9b
V  [libjvm.so+0x8ff740]  JavaThread::thread_main_inner()+0xf0
V  [libjvm.so+0x8ff9b1]  JavaThread::run()+0x221
V  [libjvm.so+0x7c4572]  java_start(Thread*)+0xf2


---------------  P R O C E S S  ---------------

Java Threads: ( => current thread )
  0x00007f0898018000 JavaThread "TimerQueue" daemon [_thread_blocked, id=2776, stack(0x00007f08eb26f000,0x00007f08eb370000)]
  0x00007f090000c800 JavaThread "DestroyJavaVM" [_thread_blocked, id=2746, stack(0x00007f09075ef000,0x00007f09076f0000)]
  0x00007f08a0004000 JavaThread "AWT-EventQueue-0" [_thread_blocked, id=2774, stack(0x00007f08eb370000,0x00007f08eb471000)]
  0x00007f0900304000 JavaThread "AWT-Shutdown" [_thread_blocked, id=2773, stack(0x00007f08eb471000,0x00007f08eb572000)]
  0x00007f0900244000 JavaThread "AWT-XAWT" daemon [_thread_in_native, id=2768, stack(0x00007f08f0092000,0x00007f08f0193000)]
  0x00007f090021d800 JavaThread "Java2D Disposer" daemon [_thread_blocked, id=2767, stack(0x00007f08f0193000,0x00007f08f0294000)]
  0x00007f09000b8000 JavaThread "Service Thread" daemon [_thread_blocked, id=2765, stack(0x00007f08f98e6000,0x00007f08f99e7000)]
  0x00007f09000b5800 JavaThread "C2 CompilerThread1" daemon [_thread_blocked, id=2764, stack(0x00007f08f99e7000,0x00007f08f9ae8000)]
  0x00007f09000b3000 JavaThread "C2 CompilerThread0" daemon [_thread_blocked, id=2763, stack(0x00007f08f9ae8000,0x00007f08f9be9000)]
  0x00007f08c0001000 JavaThread "JDWP Command Reader" daemon [_thread_in_native, id=2759, stack(0x00007f08f9be9000,0x00007f08f9cea000)]
  0x00007f09000b0800 JavaThread "JDWP Event Helper Thread" daemon [_thread_blocked, id=2758, stack(0x00007f08f9cea000,0x00007f08f9deb000)]
=>0x00007f09000ad000 JavaThread "JDWP Transport Listener: dt_socket" daemon [_thread_in_vm, id=2757, stack(0x00007f08f9deb000,0x00007f08f9eec000)]
  0x00007f09000a0000 JavaThread "Signal Dispatcher" daemon [_thread_blocked, id=2755, stack(0x00007f08fa0f1000,0x00007f08fa1f2000)]
  0x00007f090007e000 JavaThread "Finalizer" daemon [_thread_blocked, id=2754, stack(0x00007f08fa1f2000,0x00007f08fa2f3000)]
  0x00007f090007c000 JavaThread "Reference Handler" daemon [_thread_blocked, id=2753, stack(0x00007f08fa2f3000,0x00007f08fa3f4000)]

Other Threads:
  0x00007f0900077800 VMThread [stack: 0x00007f08fa3f4000,0x00007f08fa4f5000] [id=2752]
  0x00007f09000c3000 WatcherThread [stack: 0x00007f08f97e5000,0x00007f08f98e6000] [id=2766]

VM state:not at safepoint (normal execution)

VM Mutex/Monitor currently owned by a thread: None

Heap
 PSYoungGen      total 37376K, used 12276K [0x00000007d6d00000, 0x00000007d9680000, 0x0000000800000000)
  eden space 32256K, 38% used [0x00000007d6d00000,0x00000007d78fd398,0x00000007d8c80000)
  from space 5120K, 0% used [0x00000007d9180000,0x00000007d9180000,0x00000007d9680000)
  to   space 5120K, 0% used [0x00000007d8c80000,0x00000007d8c80000,0x00000007d9180000)
 ParOldGen       total 83968K, used 0K [0x0000000784800000, 0x0000000789a00000, 0x00000007d6d00000)
  object space 83968K, 0% used [0x0000000784800000,0x0000000784800000,0x0000000789a00000)
 PSPermGen       total 21504K, used 14272K [0x000000077a200000, 0x000000077b700000, 0x0000000784800000)
  object space 21504K, 66% used [0x000000077a200000,0x000000077aff0258,0x000000077b700000)

Card table byte_map: [0x00007f08fc18b000,0x00007f08fc5bb000] byte_map_base: 0x00007f08f85ba000

Polling page: 0x00007f0907713000

Code Cache  [0x00007f08fc5bb000, 0x00007f08fc82b000, 0x00007f08ff5bb000)
 total_blobs=574 nmethods=89 adapters=446 free_code_cache=48462Kb largest_free_block=49595712

Compilation events (10 events):
Event: 34,979 Thread 0x00007f09000b3000   85             java.util.TreeMap::getEntry (84 bytes)
Event: 34,987 Thread 0x00007f09000b3000 nmethod 85 0x00007f08fc660310 code [0x00007f08fc660460, 0x00007f08fc6605d8]
Event: 35,768 Thread 0x00007f09000b5800   86             java.awt.Component::isVisible_NoClientCode (5 bytes)
Event: 35,768 Thread 0x00007f09000b5800 nmethod 86 0x00007f08fc667710 code [0x00007f08fc667840, 0x00007f08fc667898]
Event: 36,632 Thread 0x00007f09000b3000   87             sun.awt.X11.XEvent::get_type (18 bytes)
Event: 36,640 Thread 0x00007f09000b3000 nmethod 87 0x00007f08fc6687d0 code [0x00007f08fc668960, 0x00007f08fc668c18]
Event: 39,464 Thread 0x00007f09000b5800   88             java.awt.Container::findComponentAtImpl (315 bytes)
Event: 39,490 Thread 0x00007f09000b5800 nmethod 88 0x00007f08fc66bcd0 code [0x00007f08fc66bfe0, 0x00007f08fc66d4c0]
Event: 40,665 Thread 0x00007f09000b3000   89             java.util.EventObject::getSource (5 bytes)
Event: 40,666 Thread 0x00007f09000b3000 nmethod 89 0x00007f08fc665d50 code [0x00007f08fc665e80, 0x00007f08fc665ef8]

GC Heap History (0 events):
No events

Deoptimization events (8 events):
Event: 0,615 Thread 0x00007f090000c800 Uncommon trap: reason=class_check action=maybe_recompile pc=0x00007f08fc63d5c8 method=java.util.Properties$LineReader.readLine()I @ 62
Event: 0,617 Thread 0x00007f090000c800 Uncommon trap: reason=class_check action=maybe_recompile pc=0x00007f08fc63d5c8 method=java.util.Properties$LineReader.readLine()I @ 62
Event: 0,619 Thread 0x00007f090000c800 Uncommon trap: reason=class_check action=maybe_recompile pc=0x00007f08fc63d5c8 method=java.util.Properties$LineReader.readLine()I @ 62
Event: 0,620 Thread 0x00007f090000c800 Uncommon trap: reason=class_check action=maybe_recompile pc=0x00007f08fc63d5c8 method=java.util.Properties$LineReader.readLine()I @ 62
Event: 0,721 Thread 0x00007f090000c800 Uncommon trap: reason=class_check action=maybe_recompile pc=0x00007f08fc63661c method=java.lang.String.equals(Ljava/lang/Object;)Z @ 8
Event: 0,723 Thread 0x00007f090000c800 Uncommon trap: reason=class_check action=maybe_recompile pc=0x00007f08fc63661c method=java.lang.String.equals(Ljava/lang/Object;)Z @ 8
Event: 0,725 Thread 0x00007f090000c800 Uncommon trap: reason=class_check action=maybe_recompile pc=0x00007f08fc63661c method=java.lang.String.equals(Ljava/lang/Object;)Z @ 8
Event: 0,725 Thread 0x00007f090000c800 Uncommon trap: reason=class_check action=maybe_recompile pc=0x00007f08fc63661c method=java.lang.String.equals(Ljava/lang/Object;)Z @ 8

Internal exceptions (10 events):
Event: 0,661 Thread 0x00007f090000c800 Threw 0x00000007d71c7d88 at /build/buildd/openjdk-7-7u65-2.5.2/build/openjdk/hotspot/src/share/vm/prims/jvm.cpp:1247
Event: 0,661 Thread 0x00007f090000c800 Threw 0x00000007d71ca6f0 at /build/buildd/openjdk-7-7u65-2.5.2/build/openjdk/hotspot/src/share/vm/prims/jvm.cpp:1247
Event: 0,662 Thread 0x00007f090000c800 Threw 0x00000007d71cd020 at /build/buildd/openjdk-7-7u65-2.5.2/build/openjdk/hotspot/src/share/vm/prims/jvm.cpp:1247
Event: 0,662 Thread 0x00007f090000c800 Threw 0x00000007d71cf810 at /build/buildd/openjdk-7-7u65-2.5.2/build/openjdk/hotspot/src/share/vm/prims/jvm.cpp:1247
Event: 3,749 Thread 0x00007f08a0004000 Threw 0x00000007d73444a8 at /build/buildd/openjdk-7-7u65-2.5.2/build/openjdk/hotspot/src/share/vm/prims/jni.cpp:747
Event: 9,657 Thread 0x00007f08a0004000 Threw 0x00000007d7481b40 at /build/buildd/openjdk-7-7u65-2.5.2/build/openjdk/hotspot/src/share/vm/prims/jvm.cpp:1247
Event: 9,763 Thread 0x00007f08a0004000 Threw 0x00000007d7544ab0 at /build/buildd/openjdk-7-7u65-2.5.2/build/openjdk/hotspot/src/share/vm/prims/jni.cpp:747
Event: 11,620 Thread 0x00007f08a0004000 Threw 0x00000007d767e3d8 at /build/buildd/openjdk-7-7u65-2.5.2/build/openjdk/hotspot/src/share/vm/prims/jvm.cpp:1247
Event: 11,624 Thread 0x00007f08a0004000 Threw 0x00000007d7696098 at /build/buildd/openjdk-7-7u65-2.5.2/build/openjdk/hotspot/src/share/vm/prims/jvm.cpp:1247
Event: 15,259 Thread 0x00007f08a0004000 Threw 0x00000007d77c5560 at /build/buildd/openjdk-7-7u65-2.5.2/build/openjdk/hotspot/src/share/vm/prims/jni.cpp:747

Events (10 events):
Event: 158,130 Executing VM operation: GetCurrentLocation
Event: 158,130 Executing VM operation: GetCurrentLocation done
Event: 158,130 Executing VM operation: ChangeSingleStep
Event: 158,130 Executing VM operation: ChangeSingleStep done
Event: 158,132 Executing VM operation: ChangeSingleStep
Event: 158,132 Executing VM operation: ChangeSingleStep done
Event: 158,150 Executing VM operation: GetOrSetLocal
Event: 158,150 Executing VM operation: GetOrSetLocal done
Event: 158,159 Executing VM operation: GetOrSetLocal
Event: 158,159 Executing VM operation: GetOrSetLocal done


Dynamic libraries:
00400000-00401000 r-xp 00000000 fc:00 1182714                            /usr/lib/jvm/java-7-openjdk-amd64/jre/bin/java
00600000-00601000 r--p 00000000 fc:00 1182714                            /usr/lib/jvm/java-7-openjdk-amd64/jre/bin/java
00601000-00602000 rw-p 00001000 fc:00 1182714                            /usr/lib/jvm/java-7-openjdk-amd64/jre/bin/java
01779000-0179a000 rw-p 00000000 00:00 0                                  [heap]
77a200000-77b700000 rw-p 00000000 00:00 0 
77b700000-784800000 rw-p 00000000 00:00 0 
784800000-789a00000 rw-p 00000000 00:00 0 
789a00000-7d6d00000 rw-p 00000000 00:00 0 
7d6d00000-7d9680000 rw-p 00000000 00:00 0 
7d9680000-800000000 rw-p 00000000 00:00 0 
7f0898000000-7f08980d3000 rw-p 00000000 00:00 0 
7f08980d3000-7f089c000000 ---p 00000000 00:00 0 
7f089c000000-7f089c021000 rw-p 00000000 00:00 0 
7f089c021000-7f08a0000000 ---p 00000000 00:00 0 
7f08a0000000-7f08a0025000 rw-p 00000000 00:00 0 
7f08a0025000-7f08a4000000 ---p 00000000 00:00 0 
7f08a4000000-7f08a4021000 rw-p 00000000 00:00 0 
7f08a4021000-7f08a8000000 ---p 00000000 00:00 0 
7f08a8000000-7f08a8021000 rw-p 00000000 00:00 0 
7f08a8021000-7f08ac000000 ---p 00000000 00:00 0 
7f08ac000000-7f08ac021000 rw-p 00000000 00:00 0 
7f08ac021000-7f08b0000000 ---p 00000000 00:00 0 
7f08b0000000-7f08b027f000 rw-p 00000000 00:00 0 
7f08b027f000-7f08b4000000 ---p 00000000 00:00 0 
7f08b4000000-7f08b4021000 rw-p 00000000 00:00 0 
7f08b4021000-7f08b8000000 ---p 00000000 00:00 0 
7f08b8000000-7f08b8021000 rw-p 00000000 00:00 0 
7f08b8021000-7f08bc000000 ---p 00000000 00:00 0 
7f08bc000000-7f08bc2b1000 rw-p 00000000 00:00 0 
7f08bc2b1000-7f08c0000000 ---p 00000000 00:00 0 
7f08c0000000-7f08c0021000 rw-p 00000000 00:00 0 
7f08c0021000-7f08c4000000 ---p 00000000 00:00 0 
7f08c4000000-7f08c4021000 rw-p 00000000 00:00 0 
7f08c4021000-7f08c8000000 ---p 00000000 00:00 0 
7f08c8000000-7f08c8021000 rw-p 00000000 00:00 0 
7f08c8021000-7f08cc000000 ---p 00000000 00:00 0 
7f08cc000000-7f08cc021000 rw-p 00000000 00:00 0 
7f08cc021000-7f08d0000000 ---p 00000000 00:00 0 
7f08d0000000-7f08d0021000 rw-p 00000000 00:00 0 
7f08d0021000-7f08d4000000 ---p 00000000 00:00 0 
7f08d7d10000-7f08dc000000 rw-p 00000000 00:00 0 
7f08dc000000-7f08dc021000 rw-p 00000000 00:00 0 
7f08dc021000-7f08e0000000 ---p 00000000 00:00 0 
7f08e0000000-7f08e0021000 rw-p 00000000 00:00 0 
7f08e0021000-7f08e4000000 ---p 00000000 00:00 0 
7f08e4000000-7f08e4021000 rw-p 00000000 00:00 0 
7f08e4021000-7f08e8000000 ---p 00000000 00:00 0 
7f08eb035000-7f08eb26f000 rw-p 00000000 00:00 0 
7f08eb26f000-7f08eb272000 ---p 00000000 00:00 0 
7f08eb272000-7f08eb370000 rw-p 00000000 00:00 0                          [stack:2776]
7f08eb370000-7f08eb373000 ---p 00000000 00:00 0 
7f08eb373000-7f08eb471000 rw-p 00000000 00:00 0                          [stack:2774]
7f08eb471000-7f08eb474000 ---p 00000000 00:00 0 
7f08eb474000-7f08eb572000 rw-p 00000000 00:00 0                          [stack:2773]
7f08eb572000-7f08eb582000 r-xp 00000000 fc:00 1312818                    /usr/lib/jvm/java-7-openjdk-amd64/jre/lib/amd64/libnio.so
7f08eb582000-7f08eb782000 ---p 00010000 fc:00 1312818                    /usr/lib/jvm/java-7-openjdk-amd64/jre/lib/amd64/libnio.so
7f08eb782000-7f08eb783000 r--p 00010000 fc:00 1312818                    /usr/lib/jvm/java-7-openjdk-amd64/jre/lib/amd64/libnio.so
7f08eb783000-7f08eb784000 rw-p 00011000 fc:00 1312818                    /usr/lib/jvm/java-7-openjdk-amd64/jre/lib/amd64/libnio.so
7f08eb784000-7f08eb79b000 r-xp 00000000 fc:00 1313126                    /usr/lib/jvm/java-7-openjdk-amd64/jre/lib/amd64/libnet.so
7f08eb79b000-7f08eb99a000 ---p 00017000 fc:00 1313126                    /usr/lib/jvm/java-7-openjdk-amd64/jre/lib/amd64/libnet.so
7f08eb99a000-7f08eb99b000 r--p 00016000 fc:00 1313126                    /usr/lib/jvm/java-7-openjdk-amd64/jre/lib/amd64/libnet.so
7f08eb99b000-7f08eb99c000 rw-p 00017000 fc:00 1313126                    /usr/lib/jvm/java-7-openjdk-amd64/jre/lib/amd64/libnet.so
7f08eb99c000-7f08eb9ed000 r-xp 00000000 fc:00 1313131                    /usr/lib/jvm/java-7-openjdk-amd64/jre/lib/amd64/libfontmanager.so
7f08eb9ed000-7f08ebbec000 ---p 00051000 fc:00 1313131                    /usr/lib/jvm/java-7-openjdk-amd64/jre/lib/amd64/libfontmanager.so
7f08ebbec000-7f08ebbef000 r--p 00050000 fc:00 1313131                    /usr/lib/jvm/java-7-openjdk-amd64/jre/lib/amd64/libfontmanager.so
7f08ebbef000-7f08ebbf0000 rw-p 00053000 fc:00 1313131                    /usr/lib/jvm/java-7-openjdk-amd64/jre/lib/amd64/libfontmanager.so
7f08ebbf0000-7f08ebbf5000 r-xp 00000000 fc:00 532001                     /usr/lib/x86_64-linux-gnu/libXfixes.so.3.1.0
7f08ebbf5000-7f08ebdf4000 ---p 00005000 fc:00 532001                     /usr/lib/x86_64-linux-gnu/libXfixes.so.3.1.0
7f08ebdf4000-7f08ebdf5000 r--p 00004000 fc:00 532001                     /usr/lib/x86_64-linux-gnu/libXfixes.so.3.1.0
7f08ebdf5000-7f08ebdf6000 rw-p 00005000 fc:00 532001                     /usr/lib/x86_64-linux-gnu/libXfixes.so.3.1.0
7f08ebdf6000-7f08ebdff000 r-xp 00000000 fc:00 531993                     /usr/lib/x86_64-linux-gnu/libXcursor.so.1.0.2
7f08ebdff000-7f08ebffe000 ---p 00009000 fc:00 531993                     /usr/lib/x86_64-linux-gnu/libXcursor.so.1.0.2
7f08ebffe000-7f08ebfff000 r--p 00008000 fc:00 531993                     /usr/lib/x86_64-linux-gnu/libXcursor.so.1.0.2
7f08ebfff000-7f08ec000000 rw-p 00009000 fc:00 531993                     /usr/lib/x86_64-linux-gnu/libXcursor.so.1.0.2
7f08ec000000-7f08ec021000 rw-p 00000000 00:00 0 
7f08ec021000-7f08f0000000 ---p 00000000 00:00 0 
7f08f0061000-7f08f0092000 rw-p 00000000 00:00 0 
7f08f0092000-7f08f0095000 ---p 00000000 00:00 0 
7f08f0095000-7f08f0193000 rw-p 00000000 00:00 0                          [stack:2768]
7f08f0193000-7f08f0196000 ---p 00000000 00:00 0 
7f08f0196000-7f08f0294000 rw-p 00000000 00:00 0                          [stack:2767]
7f08f0294000-7f08f0298000 r-xp 00000000 fc:00 3018660                    /lib/x86_64-linux-gnu/libgpg-error.so.0.10.0
7f08f0298000-7f08f0497000 ---p 00004000 fc:00 3018660                    /lib/x86_64-linux-gnu/libgpg-error.so.0.10.0
7f08f0497000-7f08f0498000 r--p 00003000 fc:00 3018660                    /lib/x86_64-linux-gnu/libgpg-error.so.0.10.0
7f08f0498000-7f08f0499000 rw-p 00004000 fc:00 3018660                    /lib/x86_64-linux-gnu/libgpg-error.so.0.10.0
7f08f0499000-7f08f049b000 r-xp 00000000 fc:00 3018670                    /lib/x86_64-linux-gnu/libkeyutils.so.1.4
7f08f049b000-7f08f069b000 ---p 00002000 fc:00 3018670                    /lib/x86_64-linux-gnu/libkeyutils.so.1.4
7f08f069b000-7f08f069c000 r--p 00002000 fc:00 3018670                    /lib/x86_64-linux-gnu/libkeyutils.so.1.4
7f08f069c000-7f08f069d000 rw-p 00003000 fc:00 3018670                    /lib/x86_64-linux-gnu/libkeyutils.so.1.4
7f08f069d000-7f08f06da000 r-xp 00000000 fc:00 3018730                    /lib/x86_64-linux-gnu/libpcre.so.3.13.1
7f08f06da000-7f08f08d9000 ---p 0003d000 fc:00 3018730                    /lib/x86_64-linux-gnu/libpcre.so.3.13.1
7f08f08d9000-7f08f08da000 r--p 0003c000 fc:00 3018730                    /lib/x86_64-linux-gnu/libpcre.so.3.13.1
7f08f08da000-7f08f08db000 rw-p 0003d000 fc:00 3018730                    /lib/x86_64-linux-gnu/libpcre.so.3.13.1
7f08f08db000-7f08f0900000 r-xp 00000000 fc:00 3018742                    /lib/x86_64-linux-gnu/libpng12.so.0.50.0
7f08f0900000-7f08f0aff000 ---p 00025000 fc:00 3018742                    /lib/x86_64-linux-gnu/libpng12.so.0.50.0
7f08f0aff000-7f08f0b00000 r--p 00024000 fc:00 3018742                    /lib/x86_64-linux-gnu/libpng12.so.0.50.0
7f08f0b00000-7f08f0b01000 rw-p 00025000 fc:00 3018742                    /lib/x86_64-linux-gnu/libpng12.so.0.50.0
7f08f0b01000-7f08f0b45000 r-xp 00000000 fc:00 3014834                    /lib/x86_64-linux-gnu/libdbus-1.so.3.7.6
7f08f0b45000-7f08f0d44000 ---p 00044000 fc:00 3014834                    /lib/x86_64-linux-gnu/libdbus-1.so.3.7.6
7f08f0d44000-7f08f0d45000 r--p 00043000 fc:00 3014834                    /lib/x86_64-linux-gnu/libdbus-1.so.3.7.6
7f08f0d45000-7f08f0d46000 rw-p 00044000 fc:00 3014834                    /lib/x86_64-linux-gnu/libdbus-1.so.3.7.6
7f08f0d46000-7f08f0d81000 r-xp 00000000 fc:00 532713                     /usr/lib/x86_64-linux-gnu/libp11-kit.so.0.0.0
7f08f0d81000-7f08f0f80000 ---p 0003b000 fc:00 532713                     /usr/lib/x86_64-linux-gnu/libp11-kit.so.0.0.0
7f08f0f80000-7f08f0f86000 r--p 0003a000 fc:00 532713                     /usr/lib/x86_64-linux-gnu/libp11-kit.so.0.0.0
7f08f0f86000-7f08f0f88000 rw-p 00040000 fc:00 532713                     /usr/lib/x86_64-linux-gnu/libp11-kit.so.0.0.0
7f08f0f88000-7f08f0f9a000 r-xp 00000000 fc:00 532898                     /usr/lib/x86_64-linux-gnu/libtasn1.so.6.2.0
7f08f0f9a000-7f08f119a000 ---p 00012000 fc:00 532898                     /usr/lib/x86_64-linux-gnu/libtasn1.so.6.2.0
7f08f119a000-7f08f119b000 r--p 00012000 fc:00 532898                     /usr/lib/x86_64-linux-gnu/libtasn1.so.6.2.0
7f08f119b000-7f08f119c000 rw-p 00013000 fc:00 532898                     /usr/lib/x86_64-linux-gnu/libtasn1.so.6.2.0
7f08f119c000-7f08f1218000 r-xp 00000000 fc:00 3021107                    /lib/x86_64-linux-gnu/libgcrypt.so.11.8.2
7f08f1218000-7f08f1417000 ---p 0007c000 fc:00 3021107                    /lib/x86_64-linux-gnu/libgcrypt.so.11.8.2
7f08f1417000-7f08f1418000 r--p 0007b000 fc:00 3021107                    /lib/x86_64-linux-gnu/libgcrypt.so.11.8.2
7f08f1418000-7f08f141b000 rw-p 0007c000 fc:00 3021107                    /lib/x86_64-linux-gnu/libgcrypt.so.11.8.2
7f08f141b000-7f08f1425000 r-xp 00000000 fc:00 524936                     /usr/lib/x86_64-linux-gnu/libkrb5support.so.0.1
7f08f1425000-7f08f1624000 ---p 0000a000 fc:00 524936                     /usr/lib/x86_64-linux-gnu/libkrb5support.so.0.1
7f08f1624000-7f08f1625000 r--p 00009000 fc:00 524936                     /usr/lib/x86_64-linux-gnu/libkrb5support.so.0.1
7f08f1625000-7f08f1626000 rw-p 0000a000 fc:00 524936                     /usr/lib/x86_64-linux-gnu/libkrb5support.so.0.1
7f08f1626000-7f08f1629000 r-xp 00000000 fc:00 3018636                    /lib/x86_64-linux-gnu/libcom_err.so.2.1
7f08f1629000-7f08f1828000 ---p 00003000 fc:00 3018636                    /lib/x86_64-linux-gnu/libcom_err.so.2.1
7f08f1828000-7f08f1829000 r--p 00002000 fc:00 3018636                    /lib/x86_64-linux-gnu/libcom_err.so.2.1
7f08f1829000-7f08f182a000 rw-p 00003000 fc:00 3018636                    /lib/x86_64-linux-gnu/libcom_err.so.2.1
7f08f182a000-7f08f1856000 r-xp 00000000 fc:00 524416                     /usr/lib/x86_64-linux-gnu/libk5crypto.so.3.1
7f08f1856000-7f08f1a55000 ---p 0002c000 fc:00 524416                     /usr/lib/x86_64-linux-gnu/libk5crypto.so.3.1
7f08f1a55000-7f08f1a57000 r--p 0002b000 fc:00 524416                     /usr/lib/x86_64-linux-gnu/libk5crypto.so.3.1
7f08f1a57000-7f08f1a58000 rw-p 0002d000 fc:00 524416                     /usr/lib/x86_64-linux-gnu/libk5crypto.so.3.1
7f08f1a58000-7f08f1a59000 rw-p 00000000 00:00 0 
7f08f1a59000-7f08f1b15000 r-xp 00000000 fc:00 524912                     /usr/lib/x86_64-linux-gnu/libkrb5.so.3.3
7f08f1b15000-7f08f1d15000 ---p 000bc000 fc:00 524912                     /usr/lib/x86_64-linux-gnu/libkrb5.so.3.3
7f08f1d15000-7f08f1d22000 r--p 000bc000 fc:00 524912                     /usr/lib/x86_64-linux-gnu/libkrb5.so.3.3
7f08f1d22000-7f08f1d24000 rw-p 000c9000 fc:00 524912                     /usr/lib/x86_64-linux-gnu/libkrb5.so.3.3
7f08f1d24000-7f08f1d29000 r-xp 00000000 fc:00 531997                     /usr/lib/x86_64-linux-gnu/libXdmcp.so.6.0.0
7f08f1d29000-7f08f1f28000 ---p 00005000 fc:00 531997                     /usr/lib/x86_64-linux-gnu/libXdmcp.so.6.0.0
7f08f1f28000-7f08f1f29000 r--p 00004000 fc:00 531997                     /usr/lib/x86_64-linux-gnu/libXdmcp.so.6.0.0
7f08f1f29000-7f08f1f2a000 rw-p 00005000 fc:00 531997                     /usr/lib/x86_64-linux-gnu/libXdmcp.so.6.0.0
7f08f1f2a000-7f08f1f2c000 r-xp 00000000 fc:00 531986                     /usr/lib/x86_64-linux-gnu/libXau.so.6.0.0
7f08f1f2c000-7f08f212c000 ---p 00002000 fc:00 531986                     /usr/lib/x86_64-linux-gnu/libXau.so.6.0.0
7f08f212c000-7f08f212d000 r--p 00002000 fc:00 531986                     /usr/lib/x86_64-linux-gnu/libXau.so.6.0.0
7f08f212d000-7f08f212e000 rw-p 00003000 fc:00 531986                     /usr/lib/x86_64-linux-gnu/libXau.so.6.0.0
7f08f212e000-7f08f2135000 r-xp 00000000 fc:00 532264                     /usr/lib/x86_64-linux-gnu/libffi.so.6.0.1
7f08f2135000-7f08f2334000 ---p 00007000 fc:00 532264                     /usr/lib/x86_64-linux-gnu/libffi.so.6.0.1
7f08f2334000-7f08f2335000 r--p 00006000 fc:00 532264                     /usr/lib/x86_64-linux-gnu/libffi.so.6.0.1
7f08f2335000-7f08f2336000 rw-p 00007000 fc:00 532264                     /usr/lib/x86_64-linux-gnu/libffi.so.6.0.1
7f08f2336000-7f08f234d000 r-xp 00000000 fc:00 3018637                    /lib/x86_64-linux-gnu/libresolv-2.19.so
7f08f234d000-7f08f254d000 ---p 00017000 fc:00 3018637                    /lib/x86_64-linux-gnu/libresolv-2.19.so
7f08f254d000-7f08f254e000 r--p 00017000 fc:00 3018637                    /lib/x86_64-linux-gnu/libresolv-2.19.so
7f08f254e000-7f08f254f000 rw-p 00018000 fc:00 3018637                    /lib/x86_64-linux-gnu/libresolv-2.19.so
7f08f254f000-7f08f2551000 rw-p 00000000 00:00 0 
7f08f2551000-7f08f2571000 r-xp 00000000 fc:00 3018757                    /lib/x86_64-linux-gnu/libselinux.so.1
7f08f2571000-7f08f2770000 ---p 00020000 fc:00 3018757                    /lib/x86_64-linux-gnu/libselinux.so.1
7f08f2770000-7f08f2771000 r--p 0001f000 fc:00 3018757                    /lib/x86_64-linux-gnu/libselinux.so.1
7f08f2771000-7f08f2772000 rw-p 00020000 fc:00 3018757                    /lib/x86_64-linux-gnu/libselinux.so.1
7f08f2772000-7f08f2774000 rw-p 00000000 00:00 0 
7f08f2774000-7f08f287a000 r-xp 00000000 fc:00 3018680                    /lib/x86_64-linux-gnu/libglib-2.0.so.0.4002.0
7f08f287a000-7f08f2a79000 ---p 00106000 fc:00 3018680                    /lib/x86_64-linux-gnu/libglib-2.0.so.0.4002.0
7f08f2a79000-7f08f2a7a000 r--p 00105000 fc:00 3018680                    /lib/x86_64-linux-gnu/libglib-2.0.so.0.4002.0
7f08f2a7a000-7f08f2a7b000 rw-p 00106000 fc:00 3018680                    /lib/x86_64-linux-gnu/libglib-2.0.so.0.4002.0
7f08f2a7b000-7f08f2a7c000 rw-p 00000000 00:00 0 
7f08f2a7c000-7f08f2a7f000 r-xp 00000000 fc:00 524652                     /usr/lib/x86_64-linux-gnu/libgmodule-2.0.so.0.4002.0
7f08f2a7f000-7f08f2c7e000 ---p 00003000 fc:00 524652                     /usr/lib/x86_64-linux-gnu/libgmodule-2.0.so.0.4002.0
7f08f2c7e000-7f08f2c7f000 r--p 00002000 fc:00 524652                     /usr/lib/x86_64-linux-gnu/libgmodule-2.0.so.0.4002.0
7f08f2c7f000-7f08f2c80000 rw-p 00003000 fc:00 524652                     /usr/lib/x86_64-linux-gnu/libgmodule-2.0.so.0.4002.0
7f08f2c80000-7f08f2ca7000 r-xp 00000000 fc:00 3018649                    /lib/x86_64-linux-gnu/libexpat.so.1.6.0
7f08f2ca7000-7f08f2ea7000 ---p 00027000 fc:00 3018649                    /lib/x86_64-linux-gnu/libexpat.so.1.6.0
7f08f2ea7000-7f08f2ea9000 r--p 00027000 fc:00 3018649                    /lib/x86_64-linux-gnu/libexpat.so.1.6.0
7f08f2ea9000-7f08f2eaa000 rw-p 00029000 fc:00 3018649                    /lib/x86_64-linux-gnu/libexpat.so.1.6.0
7f08f2eaa000-7f08f2f47000 r-xp 00000000 fc:00 532306                     /usr/lib/x86_64-linux-gnu/libfreetype.so.6.11.1
7f08f2f47000-7f08f3146000 ---p 0009d000 fc:00 532306                     /usr/lib/x86_64-linux-gnu/libfreetype.so.6.11.1
7f08f3146000-7f08f314c000 r--p 0009c000 fc:00 532306                     /usr/lib/x86_64-linux-gnu/libfreetype.so.6.11.1
7f08f314c000-7f08f314d000 rw-p 000a2000 fc:00 532306                     /usr/lib/x86_64-linux-gnu/libfreetype.so.6.11.1
7f08f314d000-7f08f315c000 r-xp 00000000 fc:00 532090                     /usr/lib/x86_64-linux-gnu/libavahi-client.so.3.2.9
7f08f315c000-7f08f335c000 ---p 0000f000 fc:00 532090                     /usr/lib/x86_64-linux-gnu/libavahi-client.so.3.2.9
7f08f335c000-7f08f335d000 r--p 0000f000 fc:00 532090                     /usr/lib/x86_64-linux-gnu/libavahi-client.so.3.2.9
7f08f335d000-7f08f335e000 rw-p 00010000 fc:00 532090                     /usr/lib/x86_64-linux-gnu/libavahi-client.so.3.2.9
7f08f335e000-7f08f3369000 r-xp 00000000 fc:00 532092                     /usr/lib/x86_64-linux-gnu/libavahi-common.so.3.5.3
7f08f3369000-7f08f3568000 ---p 0000b000 fc:00 532092                     /usr/lib/x86_64-linux-gnu/libavahi-common.so.3.5.3
7f08f3568000-7f08f3569000 r--p 0000a000 fc:00 532092                     /usr/lib/x86_64-linux-gnu/libavahi-common.so.3.5.3
7f08f3569000-7f08f356a000 rw-p 0000b000 fc:00 532092                     /usr/lib/x86_64-linux-gnu/libavahi-common.so.3.5.3
7f08f356a000-7f08f3620000 r-xp 00000000 fc:00 532393                     /usr/lib/x86_64-linux-gnu/libgnutls.so.26.22.6
7f08f3620000-7f08f3820000 ---p 000b6000 fc:00 532393                     /usr/lib/x86_64-linux-gnu/libgnutls.so.26.22.6
7f08f3820000-7f08f3826000 r--p 000b6000 fc:00 532393                     /usr/lib/x86_64-linux-gnu/libgnutls.so.26.22.6
7f08f3826000-7f08f3827000 rw-p 000bc000 fc:00 532393                     /usr/lib/x86_64-linux-gnu/libgnutls.so.26.22.6
7f08f3827000-7f08f3828000 rw-p 00000000 00:00 0 
7f08f3828000-7f08f386b000 r-xp 00000000 fc:00 524660                     /usr/lib/x86_64-linux-gnu/libgssapi_krb5.so.2.2
7f08f386b000-7f08f3a6b000 ---p 00043000 fc:00 524660                     /usr/lib/x86_64-linux-gnu/libgssapi_krb5.so.2.2
7f08f3a6b000-7f08f3a6c000 r--p 00043000 fc:00 524660                     /usr/lib/x86_64-linux-gnu/libgssapi_krb5.so.2.2
7f08f3a6c000-7f08f3a6e000 rw-p 00044000 fc:00 524660                     /usr/lib/x86_64-linux-gnu/libgssapi_krb5.so.2.2
7f08f3a6e000-7f08f3a8b000 r-xp 00000000 fc:00 533056                     /usr/lib/x86_64-linux-gnu/libxcb.so.1.1.0
7f08f3a8b000-7f08f3c8b000 ---p 0001d000 fc:00 533056                     /usr/lib/x86_64-linux-gnu/libxcb.so.1.1.0
7f08f3c8b000-7f08f3c8c000 r--p 0001d000 fc:00 533056                     /usr/lib/x86_64-linux-gnu/libxcb.so.1.1.0
7f08f3c8c000-7f08f3c8d000 rw-p 0001e000 fc:00 533056                     /usr/lib/x86_64-linux-gnu/libxcb.so.1.1.0
7f08f3c8d000-7f08f3df9000 r-xp 00000000 fc:00 524674                     /usr/lib/x86_64-linux-gnu/libgio-2.0.so.0.4002.0
7f08f3df9000-7f08f3ff8000 ---p 0016c000 fc:00 524674                     /usr/lib/x86_64-linux-gnu/libgio-2.0.so.0.4002.0
7f08f3ff8000-7f08f3ffc000 r--p 0016b000 fc:00 524674                     /usr/lib/x86_64-linux-gnu/libgio-2.0.so.0.4002.0
7f08f3ffc000-7f08f3ffe000 rw-p 0016f000 fc:00 524674                     /usr/lib/x86_64-linux-gnu/libgio-2.0.so.0.4002.0
7f08f3ffe000-7f08f4000000 rw-p 00000000 00:00 0 
7f08f4000000-7f08f4021000 rw-p 00000000 00:00 0 
7f08f4021000-7f08f8000000 ---p 00000000 00:00 0 
7f08f801f000-7f08f8041000 r--p 00000000 fc:00 1580481                    /usr/share/locale-langpack/pt_BR/LC_MESSAGES/libc.mo
7f08f8041000-7f08f8090000 r-xp 00000000 fc:00 524670                     /usr/lib/x86_64-linux-gnu/libgobject-2.0.so.0.4002.0
7f08f8090000-7f08f8290000 ---p 0004f000 fc:00 524670                     /usr/lib/x86_64-linux-gnu/libgobject-2.0.so.0.4002.0
7f08f8290000-7f08f8291000 r--p 0004f000 fc:00 524670                     /usr/lib/x86_64-linux-gnu/libgobject-2.0.so.0.4002.0
7f08f8291000-7f08f8292000 rw-p 00050000 fc:00 524670                     /usr/lib/x86_64-linux-gnu/libgobject-2.0.so.0.4002.0
7f08f8292000-7f08f82cc000 r-xp 00000000 fc:00 532278                     /usr/lib/x86_64-linux-gnu/libfontconfig.so.1.8.0
7f08f82cc000-7f08f84cb000 ---p 0003a000 fc:00 532278                     /usr/lib/x86_64-linux-gnu/libfontconfig.so.1.8.0
7f08f84cb000-7f08f84cd000 r--p 00039000 fc:00 532278                     /usr/lib/x86_64-linux-gnu/libfontconfig.so.1.8.0
7f08f84cd000-7f08f84ce000 rw-p 0003b000 fc:00 532278                     /usr/lib/x86_64-linux-gnu/libfontconfig.so.1.8.0
7f08f84ce000-7f08f853a000 r-xp 00000000 fc:00 525209                     /usr/lib/x86_64-linux-gnu/libcups.so.2
7f08f853a000-7f08f873a000 ---p 0006c000 fc:00 525209                     /usr/lib/x86_64-linux-gnu/libcups.so.2
7f08f873a000-7f08f8741000 r--p 0006c000 fc:00 525209                     /usr/lib/x86_64-linux-gnu/libcups.so.2
7f08f8741000-7f08f8742000 rw-p 00073000 fc:00 525209                     /usr/lib/x86_64-linux-gnu/libcups.so.2
7f08f8742000-7f08f8751000 r-xp 00000000 fc:00 532007                     /usr/lib/x86_64-linux-gnu/libXi.so.6.1.0
7f08f8751000-7f08f8950000 ---p 0000f000 fc:00 532007                     /usr/lib/x86_64-linux-gnu/libXi.so.6.1.0
7f08f8950000-7f08f8951000 r--p 0000e000 fc:00 532007                     /usr/lib/x86_64-linux-gnu/libXi.so.6.1.0
7f08f8951000-7f08f8952000 rw-p 0000f000 fc:00 532007                     /usr/lib/x86_64-linux-gnu/libXi.so.6.1.0
7f08f8952000-7f08f8957000 r-xp 00000000 fc:00 532027                     /usr/lib/x86_64-linux-gnu/libXtst.so.6.1.0
7f08f8957000-7f08f8b56000 ---p 00005000 fc:00 532027                     /usr/lib/x86_64-linux-gnu/libXtst.so.6.1.0
7f08f8b56000-7f08f8b57000 r--p 00004000 fc:00 532027                     /usr/lib/x86_64-linux-gnu/libXtst.so.6.1.0
7f08f8b57000-7f08f8b58000 rw-p 00005000 fc:00 532027                     /usr/lib/x86_64-linux-gnu/libXtst.so.6.1.0
7f08f8b58000-7f08f8b61000 r-xp 00000000 fc:00 532021                     /usr/lib/x86_64-linux-gnu/libXrender.so.1.3.0
7f08f8b61000-7f08f8d60000 ---p 00009000 fc:00 532021                     /usr/lib/x86_64-linux-gnu/libXrender.so.1.3.0
7f08f8d60000-7f08f8d61000 r--p 00008000 fc:00 532021                     /usr/lib/x86_64-linux-gnu/libXrender.so.1.3.0
7f08f8d61000-7f08f8d62000 rw-p 00009000 fc:00 532021                     /usr/lib/x86_64-linux-gnu/libXrender.so.1.3.0
7f08f8d62000-7f08f8e92000 r-xp 00000000 fc:00 531982                     /usr/lib/x86_64-linux-gnu/libX11.so.6.3.0
7f08f8e92000-7f08f9092000 ---p 00130000 fc:00 531982                     /usr/lib/x86_64-linux-gnu/libX11.so.6.3.0
7f08f9092000-7f08f9093000 r--p 00130000 fc:00 531982                     /usr/lib/x86_64-linux-gnu/libX11.so.6.3.0
7f08f9093000-7f08f9097000 rw-p 00131000 fc:00 531982                     /usr/lib/x86_64-linux-gnu/libX11.so.6.3.0
7f08f9097000-7f08f90a8000 r-xp 00000000 fc:00 531999                     /usr/lib/x86_64-linux-gnu/libXext.so.6.4.0
7f08f90a8000-7f08f92a7000 ---p 00011000 fc:00 531999                     /usr/lib/x86_64-linux-gnu/libXext.so.6.4.0
7f08f92a7000-7f08f92a8000 r--p 00010000 fc:00 531999                     /usr/lib/x86_64-linux-gnu/libXext.so.6.4.0
7f08f92a8000-7f08f92a9000 rw-p 00011000 fc:00 531999                     /usr/lib/x86_64-linux-gnu/libXext.so.6.4.0
7f08f92bf000-7f08f92c8000 r--s 000b9000 fc:00 1182693                    /usr/lib/jvm/java-7-openjdk-amd64/jre/lib/resources.jar
7f08f92c8000-7f08f9310000 r-xp 00000000 fc:00 2099669                    /usr/lib/jvm/java-7-openjdk-amd64/jre/lib/amd64/xawt/libmawt.so
7f08f9310000-7f08f950f000 ---p 00048000 fc:00 2099669                    /usr/lib/jvm/java-7-openjdk-amd64/jre/lib/amd64/xawt/libmawt.so
7f08f950f000-7f08f9510000 r--p 00047000 fc:00 2099669                    /usr/lib/jvm/java-7-openjdk-amd64/jre/lib/amd64/xawt/libmawt.so
7f08f9510000-7f08f9513000 rw-p 00048000 fc:00 2099669                    /usr/lib/jvm/java-7-openjdk-amd64/jre/lib/amd64/xawt/libmawt.so
7f08f9513000-7f08f9514000 rw-p 00000000 00:00 0 
7f08f9514000-7f08f95b4000 r-xp 00000000 fc:00 1313119                    /usr/lib/jvm/java-7-openjdk-amd64/jre/lib/amd64/libawt.so
7f08f95b4000-7f08f97b4000 ---p 000a0000 fc:00 1313119                    /usr/lib/jvm/java-7-openjdk-amd64/jre/lib/amd64/libawt.so
7f08f97b4000-7f08f97b5000 r--p 000a0000 fc:00 1313119                    /usr/lib/jvm/java-7-openjdk-amd64/jre/lib/amd64/libawt.so
7f08f97b5000-7f08f97c0000 rw-p 000a1000 fc:00 1313119                    /usr/lib/jvm/java-7-openjdk-amd64/jre/lib/amd64/libawt.so
7f08f97c0000-7f08f97e5000 rw-p 00000000 00:00 0 
7f08f97e5000-7f08f97e6000 ---p 00000000 00:00 0 
7f08f97e6000-7f08f98e6000 rw-p 00000000 00:00 0                          [stack:2766]
7f08f98e6000-7f08f98e9000 ---p 00000000 00:00 0 
7f08f98e9000-7f08f99e7000 rw-p 00000000 00:00 0                          [stack:2765]
7f08f99e7000-7f08f99ea000 ---p 00000000 00:00 0 
7f08f99ea000-7f08f9ae8000 rw-p 00000000 00:00 0                          [stack:2764]
7f08f9ae8000-7f08f9aeb000 ---p 00000000 00:00 0 
7f08f9aeb000-7f08f9be9000 rw-p 00000000 00:00 0                          [stack:2763]
7f08f9be9000-7f08f9bec000 ---p 00000000 00:00 0 
7f08f9bec000-7f08f9cea000 rw-p 00000000 00:00 0                          [stack:2759]
7f08f9cea000-7f08f9ced000 ---p 00000000 00:00 0 
7f08f9ced000-7f08f9deb000 rw-p 00000000 00:00 0                          [stack:2758]
7f08f9deb000-7f08f9dee000 ---p 00000000 00:00 0 
7f08f9dee000-7f08f9eec000 rw-p 00000000 00:00 0                          [stack:2757]
7f08f9eec000-7f08f9ef0000 r-xp 00000000 fc:00 1313140                    /usr/lib/jvm/java-7-openjdk-amd64/jre/lib/amd64/libdt_socket.so
7f08f9ef0000-7f08fa0ef000 ---p 00004000 fc:00 1313140                    /usr/lib/jvm/java-7-openjdk-amd64/jre/lib/amd64/libdt_socket.so
7f08fa0ef000-7f08fa0f0000 r--p 00003000 fc:00 1313140                    /usr/lib/jvm/java-7-openjdk-amd64/jre/lib/amd64/libdt_socket.so
7f08fa0f0000-7f08fa0f1000 rw-p 00004000 fc:00 1313140                    /usr/lib/jvm/java-7-openjdk-amd64/jre/lib/amd64/libdt_socket.so
7f08fa0f1000-7f08fa0f4000 ---p 00000000 00:00 0 
7f08fa0f4000-7f08fa1f2000 rw-p 00000000 00:00 0                          [stack:2755]
7f08fa1f2000-7f08fa1f5000 ---p 00000000 00:00 0 
7f08fa1f5000-7f08fa2f3000 rw-p 00000000 00:00 0                          [stack:2754]
7f08fa2f3000-7f08fa2f6000 ---p 00000000 00:00 0 
7f08fa2f6000-7f08fa3f4000 rw-p 00000000 00:00 0                          [stack:2753]
7f08fa3f4000-7f08fa3f5000 ---p 00000000 00:00 0 
7f08fa3f5000-7f08fb4f2000 rw-p 00000000 00:00 0                          [stack:2752]
7f08fb4f2000-7f08fb6a3000 r--s 01d21000 fc:00 1182659                    /usr/lib/jvm/java-7-openjdk-amd64/jre/lib/rt.jar
7f08fb6a3000-7f08fbbf5000 rw-p 00000000 00:00 0 
7f08fbbf5000-7f08fbbf6000 ---p 00000000 00:00 0 
7f08fbbf6000-7f08fbcf6000 rw-p 00000000 00:00 0                          [stack:2751]
7f08fbcf6000-7f08fbcf7000 ---p 00000000 00:00 0 
7f08fbcf7000-7f08fbdf7000 rw-p 00000000 00:00 0                          [stack:2750]
7f08fbdf7000-7f08fbdf8000 ---p 00000000 00:00 0 
7f08fbdf8000-7f08fbf21000 rw-p 00000000 00:00 0                          [stack:2749]
7f08fbf21000-7f08fc18b000 rw-p 00000000 00:00 0 
7f08fc18b000-7f08fc196000 rw-p 00000000 00:00 0 
7f08fc196000-7f08fc1de000 rw-p 00000000 00:00 0 
7f08fc1de000-7f08fc207000 rw-p 00000000 00:00 0 
7f08fc207000-7f08fc470000 rw-p 00000000 00:00 0 
7f08fc470000-7f08fc486000 rw-p 00000000 00:00 0 
7f08fc486000-7f08fc5ba000 rw-p 00000000 00:00 0 
7f08fc5ba000-7f08fc5bb000 rw-p 00000000 00:00 0 
7f08fc5bb000-7f08fc82b000 rwxp 00000000 00:00 0 
7f08fc82b000-7f08ff5bb000 rw-p 00000000 00:00 0 
7f08ff5bb000-7f08ff5c3000 r-xp 00000000 fc:00 1312715                    /usr/lib/jvm/java-7-openjdk-amd64/jre/lib/amd64/libzip.so
7f08ff5c3000-7f08ff7c2000 ---p 00008000 fc:00 1312715                    /usr/lib/jvm/java-7-openjdk-amd64/jre/lib/amd64/libzip.so
7f08ff7c2000-7f08ff7c3000 r--p 00007000 fc:00 1312715                    /usr/lib/jvm/java-7-openjdk-amd64/jre/lib/amd64/libzip.so
7f08ff7c3000-7f08ff7c4000 rw-p 00008000 fc:00 1312715                    /usr/lib/jvm/java-7-openjdk-amd64/jre/lib/amd64/libzip.so
7f08ff7c4000-7f08ff7cf000 r-xp 00000000 fc:00 3021040                    /lib/x86_64-linux-gnu/libnss_files-2.19.so
7f08ff7cf000-7f08ff9ce000 ---p 0000b000 fc:00 3021040                    /lib/x86_64-linux-gnu/libnss_files-2.19.so
7f08ff9ce000-7f08ff9cf000 r--p 0000a000 fc:00 3021040                    /lib/x86_64-linux-gnu/libnss_files-2.19.so
7f08ff9cf000-7f08ff9d0000 rw-p 0000b000 fc:00 3021040                    /lib/x86_64-linux-gnu/libnss_files-2.19.so
7f08ff9d0000-7f08ff9db000 r-xp 00000000 fc:00 3021041                    /lib/x86_64-linux-gnu/libnss_nis-2.19.so
7f08ff9db000-7f08ffbda000 ---p 0000b000 fc:00 3021041                    /lib/x86_64-linux-gnu/libnss_nis-2.19.so
7f08ffbda000-7f08ffbdb000 r--p 0000a000 fc:00 3021041                    /lib/x86_64-linux-gnu/libnss_nis-2.19.so
7f08ffbdb000-7f08ffbdc000 rw-p 0000b000 fc:00 3021041                    /lib/x86_64-linux-gnu/libnss_nis-2.19.so
7f08ffbdc000-7f08ffbf3000 r-xp 00000000 fc:00 3018639                    /lib/x86_64-linux-gnu/libnsl-2.19.so
7f08ffbf3000-7f08ffdf2000 ---p 00017000 fc:00 3018639                    /lib/x86_64-linux-gnu/libnsl-2.19.so
7f08ffdf2000-7f08ffdf3000 r--p 00016000 fc:00 3018639                    /lib/x86_64-linux-gnu/libnsl-2.19.so
7f08ffdf3000-7f08ffdf4000 rw-p 00017000 fc:00 3018639                    /lib/x86_64-linux-gnu/libnsl-2.19.so
7f08ffdf4000-7f08ffdf6000 rw-p 00000000 00:00 0 
7f08ffdf6000-7f08ffdff000 r-xp 00000000 fc:00 3018603                    /lib/x86_64-linux-gnu/libnss_compat-2.19.so
7f08ffdff000-7f08ffffe000 ---p 00009000 fc:00 3018603                    /lib/x86_64-linux-gnu/libnss_compat-2.19.so
7f08ffffe000-7f08fffff000 r--p 00008000 fc:00 3018603                    /lib/x86_64-linux-gnu/libnss_compat-2.19.so
7f08fffff000-7f0900000000 rw-p 00009000 fc:00 3018603                    /lib/x86_64-linux-gnu/libnss_compat-2.19.so
7f0900000000-7f090032c000 rw-p 00000000 00:00 0 
7f090032c000-7f0904000000 ---p 00000000 00:00 0 
7f0904006000-7f0904007000 ---p 00000000 00:00 0 
7f0904007000-7f0904112000 rw-p 00000000 00:00 0                          [stack:2748]
7f0904112000-7f090415a000 rw-p 00000000 00:00 0 
7f090415a000-7f090483e000 r--p 00000000 fc:00 531026                     /usr/lib/locale/locale-archive
7f090483e000-7f0904841000 r-xp 00000000 fc:00 1313122                    /usr/lib/jvm/java-7-openjdk-amd64/jre/lib/amd64/libnpt.so
7f0904841000-7f0904a40000 ---p 00003000 fc:00 1313122                    /usr/lib/jvm/java-7-openjdk-amd64/jre/lib/amd64/libnpt.so
7f0904a40000-7f0904a41000 r--p 00002000 fc:00 1313122                    /usr/lib/jvm/java-7-openjdk-amd64/jre/lib/amd64/libnpt.so
7f0904a41000-7f0904a42000 rw-p 00003000 fc:00 1313122                    /usr/lib/jvm/java-7-openjdk-amd64/jre/lib/amd64/libnpt.so
7f0904a42000-7f0904a7c000 r-xp 00000000 fc:00 1313123                    /usr/lib/jvm/java-7-openjdk-amd64/jre/lib/amd64/libjdwp.so
7f0904a7c000-7f0904c7b000 ---p 0003a000 fc:00 1313123                    /usr/lib/jvm/java-7-openjdk-amd64/jre/lib/amd64/libjdwp.so
7f0904c7b000-7f0904c7c000 r--p 00039000 fc:00 1313123                    /usr/lib/jvm/java-7-openjdk-amd64/jre/lib/amd64/libjdwp.so
7f0904c7c000-7f0904c7d000 rw-p 0003a000 fc:00 1313123                    /usr/lib/jvm/java-7-openjdk-amd64/jre/lib/amd64/libjdwp.so
7f0904c7d000-7f0904ca8000 r-xp 00000000 fc:00 1312714                    /usr/lib/jvm/java-7-openjdk-amd64/jre/lib/amd64/libjava.so
7f0904ca8000-7f0904ea8000 ---p 0002b000 fc:00 1312714                    /usr/lib/jvm/java-7-openjdk-amd64/jre/lib/amd64/libjava.so
7f0904ea8000-7f0904ea9000 r--p 0002b000 fc:00 1312714                    /usr/lib/jvm/java-7-openjdk-amd64/jre/lib/amd64/libjava.so
7f0904ea9000-7f0904eab000 rw-p 0002c000 fc:00 1312714                    /usr/lib/jvm/java-7-openjdk-amd64/jre/lib/amd64/libjava.so
7f0904eab000-7f0904ebb000 r-xp 00000000 fc:00 1313137                    /usr/lib/jvm/java-7-openjdk-amd64/jre/lib/amd64/libverify.so
7f0904ebb000-7f09050ba000 ---p 00010000 fc:00 1313137                    /usr/lib/jvm/java-7-openjdk-amd64/jre/lib/amd64/libverify.so
7f09050ba000-7f09050bc000 r--p 0000f000 fc:00 1313137                    /usr/lib/jvm/java-7-openjdk-amd64/jre/lib/amd64/libverify.so
7f09050bc000-7f09050bd000 rw-p 00011000 fc:00 1313137                    /usr/lib/jvm/java-7-openjdk-amd64/jre/lib/amd64/libverify.so
7f09050bd000-7f09050c4000 r-xp 00000000 fc:00 3018700                    /lib/x86_64-linux-gnu/librt-2.19.so
7f09050c4000-7f09052c3000 ---p 00007000 fc:00 3018700                    /lib/x86_64-linux-gnu/librt-2.19.so
7f09052c3000-7f09052c4000 r--p 00006000 fc:00 3018700                    /lib/x86_64-linux-gnu/librt-2.19.so
7f09052c4000-7f09052c5000 rw-p 00007000 fc:00 3018700                    /lib/x86_64-linux-gnu/librt-2.19.so
7f09052c5000-7f09052db000 r-xp 00000000 fc:00 3018655                    /lib/x86_64-linux-gnu/libgcc_s.so.1
7f09052db000-7f09054da000 ---p 00016000 fc:00 3018655                    /lib/x86_64-linux-gnu/libgcc_s.so.1
7f09054da000-7f09054db000 rw-p 00015000 fc:00 3018655                    /lib/x86_64-linux-gnu/libgcc_s.so.1
7f09054db000-7f09055e0000 r-xp 00000000 fc:00 3020946                    /lib/x86_64-linux-gnu/libm-2.19.so
7f09055e0000-7f09057df000 ---p 00105000 fc:00 3020946                    /lib/x86_64-linux-gnu/libm-2.19.so
7f09057df000-7f09057e0000 r--p 00104000 fc:00 3020946                    /lib/x86_64-linux-gnu/libm-2.19.so
7f09057e0000-7f09057e1000 rw-p 00105000 fc:00 3020946                    /lib/x86_64-linux-gnu/libm-2.19.so
7f09057e1000-7f09058c7000 r-xp 00000000 fc:00 532892                     /usr/lib/x86_64-linux-gnu/libstdc++.so.6.0.19
7f09058c7000-7f0905ac6000 ---p 000e6000 fc:00 532892                     /usr/lib/x86_64-linux-gnu/libstdc++.so.6.0.19
7f0905ac6000-7f0905ace000 r--p 000e5000 fc:00 532892                     /usr/lib/x86_64-linux-gnu/libstdc++.so.6.0.19
7f0905ace000-7f0905ad0000 rw-p 000ed000 fc:00 532892                     /usr/lib/x86_64-linux-gnu/libstdc++.so.6.0.19
7f0905ad0000-7f0905ae5000 rw-p 00000000 00:00 0 
7f0905ae5000-7f09065fb000 r-xp 00000000 fc:00 1578332                    /usr/lib/jvm/java-7-openjdk-amd64/jre/lib/amd64/server/libjvm.so
7f09065fb000-7f09067fa000 ---p 00b16000 fc:00 1578332                    /usr/lib/jvm/java-7-openjdk-amd64/jre/lib/amd64/server/libjvm.so
7f09067fa000-7f0906894000 r--p 00b15000 fc:00 1578332                    /usr/lib/jvm/java-7-openjdk-amd64/jre/lib/amd64/server/libjvm.so
7f0906894000-7f09068b7000 rw-p 00baf000 fc:00 1578332                    /usr/lib/jvm/java-7-openjdk-amd64/jre/lib/amd64/server/libjvm.so
7f09068b7000-7f09068e5000 rw-p 00000000 00:00 0 
7f09068e5000-7f09068fd000 r-xp 00000000 fc:00 3018790                    /lib/x86_64-linux-gnu/libz.so.1.2.8
7f09068fd000-7f0906afc000 ---p 00018000 fc:00 3018790                    /lib/x86_64-linux-gnu/libz.so.1.2.8
7f0906afc000-7f0906afd000 r--p 00017000 fc:00 3018790                    /lib/x86_64-linux-gnu/libz.so.1.2.8
7f0906afd000-7f0906afe000 rw-p 00018000 fc:00 3018790                    /lib/x86_64-linux-gnu/libz.so.1.2.8
7f0906afe000-7f0906b17000 r-xp 00000000 fc:00 3021046                    /lib/x86_64-linux-gnu/libpthread-2.19.so
7f0906b17000-7f0906d16000 ---p 00019000 fc:00 3021046                    /lib/x86_64-linux-gnu/libpthread-2.19.so
7f0906d16000-7f0906d17000 r--p 00018000 fc:00 3021046                    /lib/x86_64-linux-gnu/libpthread-2.19.so
7f0906d17000-7f0906d18000 rw-p 00019000 fc:00 3021046                    /lib/x86_64-linux-gnu/libpthread-2.19.so
7f0906d18000-7f0906d1c000 rw-p 00000000 00:00 0 
7f0906d1c000-7f0906d1f000 r-xp 00000000 fc:00 3021045                    /lib/x86_64-linux-gnu/libdl-2.19.so
7f0906d1f000-7f0906f1e000 ---p 00003000 fc:00 3021045                    /lib/x86_64-linux-gnu/libdl-2.19.so
7f0906f1e000-7f0906f1f000 r--p 00002000 fc:00 3021045                    /lib/x86_64-linux-gnu/libdl-2.19.so
7f0906f1f000-7f0906f20000 rw-p 00003000 fc:00 3021045                    /lib/x86_64-linux-gnu/libdl-2.19.so
7f0906f20000-7f09070db000 r-xp 00000000 fc:00 3020941                    /lib/x86_64-linux-gnu/libc-2.19.so
7f09070db000-7f09072db000 ---p 001bb000 fc:00 3020941                    /lib/x86_64-linux-gnu/libc-2.19.so
7f09072db000-7f09072df000 r--p 001bb000 fc:00 3020941                    /lib/x86_64-linux-gnu/libc-2.19.so
7f09072df000-7f09072e1000 rw-p 001bf000 fc:00 3020941                    /lib/x86_64-linux-gnu/libc-2.19.so
7f09072e1000-7f09072e6000 rw-p 00000000 00:00 0 
7f09072e6000-7f09072f3000 r-xp 00000000 fc:00 1705021                    /usr/lib/jvm/java-7-openjdk-amd64/jre/lib/amd64/jli/libjli.so
7f09072f3000-7f09074f2000 ---p 0000d000 fc:00 1705021                    /usr/lib/jvm/java-7-openjdk-amd64/jre/lib/amd64/jli/libjli.so
7f09074f2000-7f09074f3000 r--p 0000c000 fc:00 1705021                    /usr/lib/jvm/java-7-openjdk-amd64/jre/lib/amd64/jli/libjli.so
7f09074f3000-7f09074f4000 rw-p 0000d000 fc:00 1705021                    /usr/lib/jvm/java-7-openjdk-amd64/jre/lib/amd64/jli/libjli.so
7f09074f4000-7f0907517000 r-xp 00000000 fc:00 3020943                    /lib/x86_64-linux-gnu/ld-2.19.so
7f0907519000-7f090751e000 rw-s 00000000 00:04 17858579                   /SYSV00000000 (deleted)
7f090751e000-7f0907525000 r--s 00000000 fc:00 923909                     /usr/lib/x86_64-linux-gnu/gconv/gconv-modules.cache
7f0907525000-7f090752f000 r--s 00203000 fc:00 1182685                    /usr/lib/jvm/java-7-openjdk-amd64/jre/lib/charsets.jar
7f090752f000-7f0907539000 rw-p 00000000 00:00 0 
7f0907539000-7f09075ef000 rw-p 00000000 00:00 0 
7f09075ef000-7f09075f2000 ---p 00000000 00:00 0 
7f09075f2000-7f09076f6000 rw-p 00000000 00:00 0                          [stack:2746]
7f09076f6000-7f09076f7000 rw-p 00000000 00:00 0 
7f09076f7000-7f09076f8000 r--s 00008000 fc:00 4982460                    /home/joao/git/SistemaGraficoInterativo/CG_Sistema2D/recursos/Jama-1.0.3.jar
7f09076f8000-7f09076fb000 r--s 0000f000 fc:00 1182687                    /usr/lib/jvm/java-7-openjdk-amd64/jre/lib/ext/pulse-java.jar
7f09076fb000-7f09076fd000 r--s 00006000 fc:00 923626                     /usr/share/java/java-atk-wrapper.jar
7f09076fd000-7f09076fe000 r--s 00002000 fc:00 1182691                    /usr/lib/jvm/java-7-openjdk-amd64/jre/lib/ext/dnsns.jar
7f09076fe000-7f0907700000 r--s 00012000 fc:00 1182690                    /usr/lib/jvm/java-7-openjdk-amd64/jre/lib/ext/zipfs.jar
7f0907700000-7f0907703000 r--s 0003c000 fc:00 1182688                    /usr/lib/jvm/java-7-openjdk-amd64/jre/lib/ext/sunpkcs11.jar
7f0907703000-7f0907707000 r--s 00085000 fc:00 1182692                    /usr/lib/jvm/java-7-openjdk-amd64/jre/lib/ext/localedata.jar
7f0907707000-7f090770a000 r--s 00032000 fc:00 1182686                    /usr/lib/jvm/java-7-openjdk-amd64/jre/lib/ext/sunjce_provider.jar
7f090770a000-7f0907712000 rw-s 00000000 fc:00 264412                     /tmp/hsperfdata_joao/2741
7f0907712000-7f0907713000 rw-p 00000000 00:00 0 
7f0907713000-7f0907714000 r--p 00000000 00:00 0 
7f0907714000-7f0907716000 rw-p 00000000 00:00 0 
7f0907716000-7f0907717000 r--p 00022000 fc:00 3020943                    /lib/x86_64-linux-gnu/ld-2.19.so
7f0907717000-7f0907718000 rw-p 00023000 fc:00 3020943                    /lib/x86_64-linux-gnu/ld-2.19.so
7f0907718000-7f0907719000 rw-p 00000000 00:00 0 
7fff32ce7000-7fff32d08000 rw-p 00000000 00:00 0                          [stack]
7fff32d46000-7fff32d48000 r-xp 00000000 00:00 0                          [vdso]
ffffffffff600000-ffffffffff601000 r-xp 00000000 00:00 0                  [vsyscall]

VM Arguments:
jvm_args: -agentlib:jdwp=transport=dt_socket,suspend=y,address=localhost:50907 -Dfile.encoding=UTF-8 
java_command: controle.Principal
Launcher Type: SUN_STANDARD

Environment Variables:
PATH=/usr/local/sbin:/usr/local/bin:/usr/sbin:/usr/bin:/sbin:/bin:/usr/games:/usr/local/games
SHELL=/bin/bash
DISPLAY=:0

Signal Handlers:
SIGSEGV: [libjvm.so+0x949180], sa_mask[0]=0x7ffbfeff, sa_flags=0x10000004
SIGBUS: [libjvm.so+0x949180], sa_mask[0]=0x7ffbfeff, sa_flags=0x10000004
SIGFPE: [libjvm.so+0x7c2ec0], sa_mask[0]=0x7ffbfeff, sa_flags=0x10000004
SIGPIPE: [libjvm.so+0x7c2ec0], sa_mask[0]=0x7ffbfeff, sa_flags=0x10000004
SIGXFSZ: [libjvm.so+0x7c2ec0], sa_mask[0]=0x7ffbfeff, sa_flags=0x10000004
SIGILL: [libjvm.so+0x7c2ec0], sa_mask[0]=0x7ffbfeff, sa_flags=0x10000004
SIGUSR1: SIG_DFL, sa_mask[0]=0x00000000, sa_flags=0x00000000
SIGUSR2: [libjvm.so+0x7c2d60], sa_mask[0]=0x00000004, sa_flags=0x10000004
SIGHUP: [libjvm.so+0x7c2f40], sa_mask[0]=0x7ffbfeff, sa_flags=0x10000004
SIGINT: [libjvm.so+0x7c2f40], sa_mask[0]=0x7ffbfeff, sa_flags=0x10000004
SIGTERM: [libjvm.so+0x7c2f40], sa_mask[0]=0x7ffbfeff, sa_flags=0x10000004
SIGQUIT: [libjvm.so+0x7c2f40], sa_mask[0]=0x7ffbfeff, sa_flags=0x10000004
SIGTRAP: SIG_DFL, sa_mask[0]=0x00000000, sa_flags=0x00000000


---------------  S Y S T E M  ---------------

OS:Ubuntu 14.04 (trusty)
uname:Linux 3.13.0-36-generic #63-Ubuntu SMP Wed Sep 3 21:30:07 UTC 2014 x86_64
libc:glibc 2.19 NPTL 2.19 
rlimit: STACK 8192k, CORE 0k, NPROC 63028, NOFILE 4096, AS infinity
load average:0,12 0,13 0,14

/proc/meminfo:
MemTotal:        8090044 kB
MemFree:         3477420 kB
Buffers:          247832 kB
Cached:          2406192 kB
SwapCached:            0 kB
Active:          2604316 kB
Inactive:        1624272 kB
Active(anon):    1577504 kB
Inactive(anon):   369344 kB
Active(file):    1026812 kB
Inactive(file):  1254928 kB
Unevictable:         128 kB
Mlocked:             128 kB
SwapTotal:       8298492 kB
SwapFree:        8298492 kB
Dirty:                84 kB
Writeback:             0 kB
AnonPages:       1574712 kB
Mapped:           320588 kB
Shmem:            372288 kB
Slab:             239112 kB
SReclaimable:     202536 kB
SUnreclaim:        36576 kB
KernelStack:        4768 kB
PageTables:        36100 kB
NFS_Unstable:          0 kB
Bounce:                0 kB
WritebackTmp:          0 kB
CommitLimit:    12343512 kB
Committed_AS:    5312324 kB
VmallocTotal:   34359738367 kB
VmallocUsed:      571696 kB
VmallocChunk:   34359121532 kB
HardwareCorrupted:     0 kB
AnonHugePages:    870400 kB
HugePages_Total:       0
HugePages_Free:        0
HugePages_Rsvd:        0
HugePages_Surp:        0
Hugepagesize:       2048 kB
DirectMap4k:       90368 kB
DirectMap2M:     8212480 kB


CPU:total 4 (2 cores per cpu, 2 threads per core) family 6 model 42 stepping 7, cmov, cx8, fxsr, mmx, sse, sse2, sse3, ssse3, sse4.1, sse4.2, popcnt, avx, ht, tsc, tscinvbit

/proc/cpuinfo:
processor	: 0
vendor_id	: GenuineIntel
cpu family	: 6
model		: 42
model name	: Intel(R) Core(TM) i5-2410M CPU @ 2.30GHz
stepping	: 7
microcode	: 0x14
cpu MHz		: 800.000
cache size	: 3072 KB
physical id	: 0
siblings	: 4
core id		: 0
cpu cores	: 2
apicid		: 0
initial apicid	: 0
fpu		: yes
fpu_exception	: yes
cpuid level	: 13
wp		: yes
flags		: fpu vme de pse tsc msr pae mce cx8 apic sep mtrr pge mca cmov pat pse36 clflush dts acpi mmx fxsr sse sse2 ss ht tm pbe syscall nx rdtscp lm constant_tsc arch_perfmon pebs bts rep_good nopl xtopology nonstop_tsc aperfmperf eagerfpu pni pclmulqdq dtes64 monitor ds_cpl vmx est tm2 ssse3 cx16 xtpr pdcm pcid sse4_1 sse4_2 x2apic popcnt tsc_deadline_timer xsave avx lahf_lm ida arat epb xsaveopt pln pts dtherm tpr_shadow vnmi flexpriority ept vpid
bogomips	: 4589.70
clflush size	: 64
cache_alignment	: 64
address sizes	: 36 bits physical, 48 bits virtual
power management:

processor	: 1
vendor_id	: GenuineIntel
cpu family	: 6
model		: 42
model name	: Intel(R) Core(TM) i5-2410M CPU @ 2.30GHz
stepping	: 7
microcode	: 0x14
cpu MHz		: 800.000
cache size	: 3072 KB
physical id	: 0
siblings	: 4
core id		: 0
cpu cores	: 2
apicid		: 1
initial apicid	: 1
fpu		: yes
fpu_exception	: yes
cpuid level	: 13
wp		: yes
flags		: fpu vme de pse tsc msr pae mce cx8 apic sep mtrr pge mca cmov pat pse36 clflush dts acpi mmx fxsr sse sse2 ss ht tm pbe syscall nx rdtscp lm constant_tsc arch_perfmon pebs bts rep_good nopl xtopology nonstop_tsc aperfmperf eagerfpu pni pclmulqdq dtes64 monitor ds_cpl vmx est tm2 ssse3 cx16 xtpr pdcm pcid sse4_1 sse4_2 x2apic popcnt tsc_deadline_timer xsave avx lahf_lm ida arat epb xsaveopt pln pts dtherm tpr_shadow vnmi flexpriority ept vpid
bogomips	: 4589.70
clflush size	: 64
cache_alignment	: 64
address sizes	: 36 bits physical, 48 bits virtual
power management:

processor	: 2
vendor_id	: GenuineIntel
cpu family	: 6
model		: 42
model name	: Intel(R) Core(TM) i5-2410M CPU @ 2.30GHz
stepping	: 7
microcode	: 0x14
cpu MHz		: 2300.000
cache size	: 3072 KB
physical id	: 0
siblings	: 4
core id		: 1
cpu cores	: 2
apicid		: 2
initial apicid	: 2
fpu		: yes
fpu_exception	: yes
cpuid level	: 13
wp		: yes
flags		: fpu vme de pse tsc msr pae mce cx8 apic sep mtrr pge mca cmov pat pse36 clflush dts acpi mmx fxsr sse sse2 ss ht tm pbe syscall nx rdtscp lm constant_tsc arch_perfmon pebs bts rep_good nopl xtopology nonstop_tsc aperfmperf eagerfpu pni pclmulqdq dtes64 monitor ds_cpl vmx est tm2 ssse3 cx16 xtpr pdcm pcid sse4_1 sse4_2 x2apic popcnt tsc_deadline_timer xsave avx lahf_lm ida arat epb xsaveopt pln pts dtherm tpr_shadow vnmi flexpriority ept vpid
bogomips	: 4589.70
clflush size	: 64
cache_alignment	: 64
address sizes	: 36 bits physical, 48 bits virtual
power management:

processor	: 3
vendor_id	: GenuineIntel
cpu family	: 6
model		: 42
model name	: Intel(R) Core(TM) i5-2410M CPU @ 2.30GHz
stepping	: 7
microcode	: 0x14
cpu MHz		: 2301.000
cache size	: 3072 KB
physical id	: 0
siblings	: 4
core id		: 1
cpu cores	: 2
apicid		: 3
initial apicid	: 3
fpu		: yes
fpu_exception	: yes
cpuid level	: 13
wp		: yes
flags		: fpu vme de pse tsc msr pae mce cx8 apic sep mtrr pge mca cmov pat pse36 clflush dts acpi mmx fxsr sse sse2 ss ht tm pbe syscall nx rdtscp lm constant_tsc arch_perfmon pebs bts rep_good nopl xtopology nonstop_tsc aperfmperf eagerfpu pni pclmulqdq dtes64 monitor ds_cpl vmx est tm2 ssse3 cx16 xtpr pdcm pcid sse4_1 sse4_2 x2apic popcnt tsc_deadline_timer xsave avx lahf_lm ida arat epb xsaveopt pln pts dtherm tpr_shadow vnmi flexpriority ept vpid
bogomips	: 4589.70
clflush size	: 64
cache_alignment	: 64
address sizes	: 36 bits physical, 48 bits virtual
power management:



Memory: 4k page, physical 8090044k(3477420k free), swap 8298492k(8298492k free)

vm_info: OpenJDK 64-Bit Server VM (24.65-b04) for linux-amd64 JRE (1.7.0_65-b32), built on Sep 10 2014 05:56:05 by "buildd" with gcc 4.8.2

time: Sat Sep 27 22:47:10 2014
elapsed time: 158 seconds

